0 verbose cli /home/rektguy/.nvm/versions/node/v20.16.0/bin/node /home/rektguy/.nvm/versions/node/v20.16.0/bin/npm
1 info using npm@10.8.1
2 info using node@v20.16.0
3 silly config load:file:/home/rektguy/.nvm/versions/node/v20.16.0/lib/node_modules/npm/npmrc
4 silly config load:file:/home/rektguy/Swiss/.npmrc
5 silly config load:file:/home/rektguy/.npmrc
6 silly config load:file:/home/rektguy/.nvm/versions/node/v20.16.0/etc/npmrc
7 verbose title npm audit fix
8 verbose argv "audit" "fix"
9 verbose logfile logs-max:10 dir:/home/rektguy/.npm/_logs/2024-07-27T19_50_57_425Z-
10 verbose logfile /home/rektguy/.npm/_logs/2024-07-27T19_50_57_425Z-debug-0.log
11 silly packumentCache heap:2197815296 maxSize:549453824 maxEntrySize:274726912
12 silly logfile start cleaning logs, removing 1 files
13 silly logfile done cleaning log files
14 silly audit bulk request {
14 silly audit   '@adraffy/ens-normalize': [ '1.10.1' ],
14 silly audit   '@cspotcode/source-map-support': [ '0.8.1' ],
14 silly audit   '@ethereumjs/rlp': [ '4.0.1' ],
14 silly audit   '@ethereumjs/util': [ '8.1.0' ],
14 silly audit   '@noble/curves': [ '1.4.2', '1.2.0' ],
14 silly audit   '@noble/hashes': [ '1.4.0', '1.3.2', '1.2.0' ],
14 silly audit   '@scure/bip32': [ '1.4.0', '1.1.5' ],
14 silly audit   '@scure/bip39': [ '1.3.0', '1.1.1' ],
14 silly audit   'ethereum-cryptography': [ '2.2.1', '0.1.3', '1.2.0' ],
14 silly audit   '@ethersproject/abi': [ '5.7.0' ],
14 silly audit   '@ethersproject/abstract-provider': [ '5.7.0' ],
14 silly audit   '@ethersproject/abstract-signer': [ '5.7.0' ],
14 silly audit   '@ethersproject/address': [ '5.7.0', '5.6.1' ],
14 silly audit   '@ethersproject/base64': [ '5.7.0' ],
14 silly audit   '@ethersproject/basex': [ '5.7.0' ],
14 silly audit   '@ethersproject/bignumber': [ '5.7.0' ],
14 silly audit   '@ethersproject/bytes': [ '5.7.0' ],
14 silly audit   '@ethersproject/constants': [ '5.7.0' ],
14 silly audit   '@ethersproject/contracts': [ '5.7.0' ],
14 silly audit   '@ethersproject/hash': [ '5.7.0' ],
14 silly audit   '@ethersproject/hdnode': [ '5.7.0' ],
14 silly audit   '@ethersproject/json-wallets': [ '5.7.0' ],
14 silly audit   'aes-js': [ '3.0.0', '4.0.0-beta.5' ],
14 silly audit   '@ethersproject/keccak256': [ '5.7.0' ],
14 silly audit   '@ethersproject/logger': [ '5.7.0' ],
14 silly audit   '@ethersproject/networks': [ '5.7.1' ],
14 silly audit   '@ethersproject/pbkdf2': [ '5.7.0' ],
14 silly audit   '@ethersproject/properties': [ '5.7.0' ],
14 silly audit   '@ethersproject/providers': [ '5.7.2' ],
14 silly audit   ws: [ '7.4.6', '8.17.1', '7.5.10' ],
14 silly audit   '@ethersproject/random': [ '5.7.0' ],
14 silly audit   '@ethersproject/rlp': [ '5.7.0' ],
14 silly audit   '@ethersproject/sha2': [ '5.7.0' ],
14 silly audit   '@ethersproject/signing-key': [ '5.7.0' ],
14 silly audit   '@ethersproject/solidity': [ '5.7.0' ],
14 silly audit   '@ethersproject/strings': [ '5.7.0' ],
14 silly audit   '@ethersproject/transactions': [ '5.7.0' ],
14 silly audit   '@ethersproject/units': [ '5.7.0' ],
14 silly audit   '@ethersproject/wallet': [ '5.7.0' ],
14 silly audit   '@ethersproject/web': [ '5.7.1' ],
14 silly audit   '@ethersproject/wordlists': [ '5.7.0' ],
14 silly audit   '@fastify/busboy': [ '2.1.1' ],
14 silly audit   '@jridgewell/resolve-uri': [ '3.1.2' ],
14 silly audit   '@jridgewell/sourcemap-codec': [ '1.5.0' ],
14 silly audit   '@jridgewell/trace-mapping': [ '0.3.9' ],
14 silly audit   '@metamask/eth-sig-util': [ '4.0.1' ],
14 silly audit   '@noble/secp256k1': [ '1.7.1' ],
14 silly audit   '@nodelib/fs.scandir': [ '2.1.5' ],
14 silly audit   '@nodelib/fs.stat': [ '2.0.5' ],
14 silly audit   '@nodelib/fs.walk': [ '1.2.8' ],
14 silly audit   '@nomicfoundation/edr': [ '0.4.2' ],
14 silly audit   '@nomicfoundation/edr-darwin-arm64': [ '0.4.2' ],
14 silly audit   '@nomicfoundation/edr-darwin-x64': [ '0.4.2' ],
14 silly audit   '@nomicfoundation/edr-linux-arm64-gnu': [ '0.4.2' ],
14 silly audit   '@nomicfoundation/edr-linux-arm64-musl': [ '0.4.2' ],
14 silly audit   '@nomicfoundation/edr-linux-x64-gnu': [ '0.4.2' ],
14 silly audit   '@nomicfoundation/edr-linux-x64-musl': [ '0.4.2' ],
14 silly audit   '@nomicfoundation/edr-win32-x64-msvc': [ '0.4.2' ],
14 silly audit   '@nomicfoundation/ethereumjs-common': [ '4.0.4' ],
14 silly audit   '@nomicfoundation/ethereumjs-rlp': [ '5.0.4' ],
14 silly audit   '@nomicfoundation/ethereumjs-tx': [ '5.0.4' ],
14 silly audit   '@nomicfoundation/ethereumjs-util': [ '9.0.4' ],
14 silly audit   '@nomicfoundation/hardhat-chai-matchers': [ '2.0.7' ],
14 silly audit   '@nomicfoundation/hardhat-ethers': [ '3.0.6' ],
14 silly audit   '@nomicfoundation/hardhat-ignition': [ '0.15.5' ],
14 silly audit   '@nomicfoundation/hardhat-ignition-ethers': [ '0.15.5' ],
14 silly audit   'ansi-styles': [ '4.3.0', '3.2.1' ],
14 silly audit   chalk: [ '4.1.2', '2.4.2' ],
14 silly audit   'color-convert': [ '2.0.1', '1.9.3' ],
14 silly audit   'color-name': [ '1.1.4', '1.1.3' ],
14 silly audit   'fs-extra': [ '10.1.0', '9.1.0', '7.0.1', '8.1.0' ],
14 silly audit   'has-flag': [ '4.0.0', '3.0.0', '1.0.0' ],
14 silly audit   jsonfile: [ '6.1.0', '4.0.0' ],
14 silly audit   'supports-color': [ '7.2.0', '8.1.1', '3.2.3', '5.5.0' ],
14 silly audit   universalify: [ '2.0.1', '0.1.2' ],
14 silly audit   '@nomicfoundation/hardhat-network-helpers': [ '1.0.11' ],
14 silly audit   'ethereumjs-util': [ '7.1.5', '6.2.1' ],
14 silly audit   '@nomicfoundation/hardhat-toolbox': [ '5.0.0' ],
14 silly audit   '@nomicfoundation/hardhat-verify': [ '2.0.8' ],
14 silly audit   '@nomicfoundation/ignition-core': [ '0.15.5' ],
14 silly audit   cbor: [ '9.0.2', '8.1.0' ],
14 silly audit   '@nomicfoundation/ignition-ui': [ '0.15.5' ],
14 silly audit   '@nomicfoundation/solidity-analyzer': [ '0.1.2' ],
14 silly audit   '@nomicfoundation/solidity-analyzer-darwin-arm64': [ '0.1.2' ],
14 silly audit   '@nomicfoundation/solidity-analyzer-darwin-x64': [ '0.1.2' ],
14 silly audit   '@nomicfoundation/solidity-analyzer-linux-arm64-gnu': [ '0.1.2' ],
14 silly audit   '@nomicfoundation/solidity-analyzer-linux-arm64-musl': [ '0.1.2' ],
14 silly audit   '@nomicfoundation/solidity-analyzer-linux-x64-gnu': [ '0.1.2' ],
14 silly audit   '@nomicfoundation/solidity-analyzer-linux-x64-musl': [ '0.1.2' ],
14 silly audit   '@nomicfoundation/solidity-analyzer-win32-x64-msvc': [ '0.1.2' ],
14 silly audit   '@scure/base': [ '1.1.7' ],
14 silly audit   '@sentry/core': [ '5.30.0' ],
14 silly audit   '@sentry/hub': [ '5.30.0' ],
14 silly audit   '@sentry/minimal': [ '5.30.0' ],
14 silly audit   '@sentry/node': [ '5.30.0' ],
14 silly audit   '@sentry/tracing': [ '5.30.0' ],
14 silly audit   '@sentry/types': [ '5.30.0' ],
14 silly audit   '@sentry/utils': [ '5.30.0' ],
14 silly audit   '@solidity-parser/parser': [ '0.14.5', '0.18.0' ],
14 silly audit   '@tsconfig/node10': [ '1.0.11' ],
14 silly audit   '@tsconfig/node12': [ '1.0.11' ],
14 silly audit   '@tsconfig/node14': [ '1.0.3' ],
14 silly audit   '@tsconfig/node16': [ '1.0.4' ],
14 silly audit   '@typechain/ethers-v6': [ '0.5.1' ],
14 silly audit   '@typechain/hardhat': [ '9.1.0' ],
14 silly audit   '@types/bn.js': [ '5.1.5', '4.11.6' ],
14 silly audit   '@types/chai': [ '4.3.16' ],
14 silly audit   '@types/chai-as-promised': [ '7.1.8' ],
14 silly audit   '@types/concat-stream': [ '1.6.1' ],
14 silly audit   '@types/form-data': [ '0.0.33' ],
14 silly audit   '@types/glob': [ '7.2.0' ],
14 silly audit   '@types/lru-cache': [ '5.1.1' ],
14 silly audit   '@types/minimatch': [ '5.1.2' ],
14 silly audit   '@types/mocha': [ '10.0.7' ],
14 silly audit   '@types/node': [ '20.14.12', '18.15.13', '10.17.60', '8.10.66' ],
14 silly audit   '@types/pbkdf2': [ '3.1.2' ],
14 silly audit   '@types/prettier': [ '2.7.3' ],
14 silly audit   '@types/qs': [ '6.9.15' ],
14 silly audit   '@types/secp256k1': [ '4.0.6' ],
14 silly audit   abbrev: [ '1.0.9' ],
14 silly audit   acorn: [ '8.12.1' ],
14 silly audit   'acorn-walk': [ '8.3.3' ],
14 silly audit   'adm-zip': [ '0.4.16' ],
14 silly audit   'agent-base': [ '6.0.2' ],
14 silly audit   'aggregate-error': [ '3.1.0' ],
14 silly audit   ajv: [ '8.17.1' ],
14 silly audit   amdefine: [ '1.0.1' ],
14 silly audit   'ansi-align': [ '3.0.1' ],
14 silly audit   'ansi-colors': [ '4.1.3' ],
14 silly audit   'ansi-escapes': [ '4.3.2' ],
14 silly audit   'ansi-regex': [ '5.0.1', '3.0.1' ],
14 silly audit   antlr4ts: [ '0.5.0-alpha.4' ],
14 silly audit   anymatch: [ '3.1.3' ],
14 silly audit   arg: [ '4.1.3' ],
14 silly audit   argparse: [ '2.0.1', '1.0.10' ],
14 silly audit   'array-back': [ '3.1.0', '4.0.2' ],
14 silly audit   'array-union': [ '2.1.0' ],
14 silly audit   'array-uniq': [ '1.0.3' ],
14 silly audit   asap: [ '2.0.6' ],
14 silly audit   'assertion-error': [ '1.1.0' ],
14 silly audit   'astral-regex': [ '2.0.0' ],
14 silly audit   async: [ '1.5.2' ],
14 silly audit   asynckit: [ '0.4.0' ],
14 silly audit   'at-least-node': [ '1.0.0' ],
14 silly audit   axios: [ '1.7.2' ],
14 silly audit   'balanced-match': [ '1.0.2' ],
14 silly audit   'base-x': [ '3.0.10' ],
14 silly audit   bech32: [ '1.1.4' ],
14 silly audit   'binary-extensions': [ '2.3.0' ],
14 silly audit   blakejs: [ '1.2.1' ],
14 silly audit   'bn.js': [ '5.2.1', '4.12.0', '4.11.6' ],
14 silly audit   boxen: [ '5.1.2' ],
14 silly audit   'type-fest': [ '0.20.2', '0.7.1', '0.21.3' ],
14 silly audit   'brace-expansion': [ '1.1.11', '2.0.1' ],
14 silly audit   braces: [ '3.0.3' ],
14 silly audit   brorand: [ '1.1.0' ],
14 silly audit   'browser-stdout': [ '1.3.1' ],
14 silly audit   'browserify-aes': [ '1.2.0' ],
14 silly audit   bs58: [ '4.0.1' ],
14 silly audit   bs58check: [ '2.1.2' ],
14 silly audit   'buffer-from': [ '1.1.2' ],
14 silly audit   'buffer-xor': [ '1.0.3' ],
14 silly audit   bytes: [ '3.1.2' ],
14 silly audit   'call-bind': [ '1.0.7' ],
14 silly audit   camelcase: [ '6.3.0' ],
14 silly audit   caseless: [ '0.12.0' ],
14 silly audit   chai: [ '4.5.0' ],
14 silly audit   'chai-as-promised': [ '7.1.2' ],
14 silly audit   charenc: [ '0.0.2' ],
14 silly audit   'check-error': [ '1.0.3' ],
14 silly audit   chokidar: [ '3.6.0' ],
14 silly audit   'ci-info': [ '2.0.0' ],
14 silly audit   'cipher-base': [ '1.0.4' ],
14 silly audit   'clean-stack': [ '2.2.0' ],
14 silly audit   'cli-boxes': [ '2.2.1' ],
14 silly audit   'cli-table3': [ '0.5.1' ],
14 silly audit   'is-fullwidth-code-point': [ '2.0.0', '3.0.0' ],
14 silly audit   'string-width': [ '2.1.1', '4.2.3' ],
14 silly audit   'strip-ansi': [ '4.0.0', '6.0.1' ],
14 silly audit   cliui: [ '7.0.4' ],
14 silly audit   colors: [ '1.4.0' ],
14 silly audit   'combined-stream': [ '1.0.8' ],
14 silly audit   'command-exists': [ '1.2.9' ],
14 silly audit   'command-line-args': [ '5.2.1' ],
14 silly audit   'command-line-usage': [ '6.1.3' ],
14 silly audit   typical: [ '5.2.0', '4.0.0' ],
14 silly audit   commander: [ '8.3.0' ],
14 silly audit   'concat-map': [ '0.0.1' ],
14 silly audit   'concat-stream': [ '1.6.2' ],
14 silly audit   'readable-stream': [ '2.3.8', '3.6.2' ],
14 silly audit   'safe-buffer': [ '5.1.2', '5.2.1' ],
14 silly audit   string_decoder: [ '1.1.1', '1.3.0' ],
14 silly audit   cookie: [ '0.4.2' ],
14 silly audit   'core-util-is': [ '1.0.3' ],
14 silly audit   'create-hash': [ '1.2.0' ],
14 silly audit   'create-hmac': [ '1.1.7' ],
14 silly audit   'create-require': [ '1.1.1' ],
14 silly audit   crypt: [ '0.0.2' ],
14 silly audit   death: [ '1.1.0' ],
14 silly audit   debug: [ '4.3.6' ],
14 silly audit   decamelize: [ '4.0.0' ],
14 silly audit   'deep-eql': [ '4.1.4' ],
14 silly audit   'deep-extend': [ '0.6.0' ],
14 silly audit   'deep-is': [ '0.1.4' ],
14 silly audit   'define-data-property': [ '1.1.4' ],
14 silly audit   'delayed-stream': [ '1.0.0' ],
14 silly audit   depd: [ '2.0.0' ],
14 silly audit   diff: [ '5.2.0', '4.0.2' ],
14 silly audit   difflib: [ '0.2.4' ],
14 silly audit   'dir-glob': [ '3.0.1' ],
14 silly audit   elliptic: [ '6.5.4' ],
14 silly audit   'emoji-regex': [ '8.0.0' ],
14 silly audit   enquirer: [ '2.4.1' ],
14 silly audit   'env-paths': [ '2.2.1' ],
14 silly audit   'es-define-property': [ '1.0.0' ],
14 silly audit   'es-errors': [ '1.3.0' ],
14 silly audit   escalade: [ '3.1.2' ],
14 silly audit   'escape-string-regexp': [ '1.0.5', '4.0.0' ],
14 silly audit   escodegen: [ '1.8.1' ],
14 silly audit   'source-map': [ '0.2.0', '0.6.1' ],
14 silly audit   esprima: [ '2.7.3', '4.0.1' ],
14 silly audit   estraverse: [ '1.9.3' ],
14 silly audit   esutils: [ '2.0.3' ],
14 silly audit   'eth-gas-reporter': [ '0.2.27' ],
14 silly audit   ethers: [ '5.7.2', '6.13.2' ],
14 silly audit   'ethereum-bloom-filters': [ '1.2.0' ],
14 silly audit   'ethereumjs-abi': [ '0.6.8' ],
14 silly audit   tslib: [ '2.4.0', '1.14.1' ],
14 silly audit   'ethjs-unit': [ '0.1.6' ],
14 silly audit   'ethjs-util': [ '0.1.6' ],
14 silly audit   evp_bytestokey: [ '1.0.3' ],
14 silly audit   'fast-deep-equal': [ '3.1.3' ],
14 silly audit   'fast-glob': [ '3.3.2' ],
14 silly audit   'fast-levenshtein': [ '2.0.6' ],
14 silly audit   'fast-uri': [ '3.0.1' ],
14 silly audit   fastq: [ '1.17.1' ],
14 silly audit   'fill-range': [ '7.1.1' ],
14 silly audit   'find-replace': [ '3.0.0' ],
14 silly audit   'find-up': [ '2.1.0', '5.0.0' ],
14 silly audit   flat: [ '5.0.2' ],
14 silly audit   'follow-redirects': [ '1.15.6' ],
14 silly audit   'form-data': [ '4.0.0', '2.5.1' ],
14 silly audit   'fp-ts': [ '1.19.3' ],
14 silly audit   'fs-readdir-recursive': [ '1.1.0' ],
14 silly audit   'fs.realpath': [ '1.0.0' ],
14 silly audit   fsevents: [ '2.3.3' ],
14 silly audit   'function-bind': [ '1.1.2' ],
14 silly audit   'get-caller-file': [ '2.0.5' ],
14 silly audit   'get-func-name': [ '2.0.2' ],
14 silly audit   'get-intrinsic': [ '1.2.4' ],
14 silly audit   'get-port': [ '3.2.0' ],
14 silly audit   'ghost-testrpc': [ '0.0.2' ],
14 silly audit   glob: [ '7.2.0', '8.1.0', '5.0.15', '7.1.7' ],
14 silly audit   'glob-parent': [ '5.1.2' ],
14 silly audit   'global-modules': [ '2.0.0' ],
14 silly audit   'global-prefix': [ '3.0.0' ],
14 silly audit   globby: [ '10.0.2' ],
14 silly audit   gopd: [ '1.0.1' ],
14 silly audit   'graceful-fs': [ '4.2.11' ],
14 silly audit   handlebars: [ '4.7.8' ],
14 silly audit   hardhat: [ '2.22.6' ],
14 silly audit   'hardhat-gas-reporter': [ '1.0.10' ],
14 silly audit   'has-property-descriptors': [ '1.0.2' ],
14 silly audit   'has-proto': [ '1.0.3' ],
14 silly audit   'has-symbols': [ '1.0.3' ],
14 silly audit   'hash-base': [ '3.1.0' ],
14 silly audit   'hash.js': [ '1.1.7' ],
14 silly audit   hasown: [ '2.0.2' ],
14 silly audit   he: [ '1.2.0' ],
14 silly audit   heap: [ '0.2.7' ],
14 silly audit   'hmac-drbg': [ '1.0.1' ],
14 silly audit   'http-basic': [ '8.1.3' ],
14 silly audit   'http-errors': [ '2.0.0' ],
14 silly audit   'http-response-object': [ '3.0.2' ],
14 silly audit   'https-proxy-agent': [ '5.0.1' ],
14 silly audit   'iconv-lite': [ '0.4.24' ],
14 silly audit   ignore: [ '5.3.1' ],
14 silly audit   immer: [ '10.0.2' ],
14 silly audit   immutable: [ '4.3.7' ],
14 silly audit   'indent-string': [ '4.0.0' ],
14 silly audit   inflight: [ '1.0.6' ],
14 silly audit   inherits: [ '2.0.4' ],
14 silly audit   ini: [ '1.3.8' ],
14 silly audit   interpret: [ '1.4.0' ],
14 silly audit   'io-ts': [ '1.10.4' ],
14 silly audit   'is-binary-path': [ '2.1.0' ],
14 silly audit   'is-extglob': [ '2.1.1' ],
14 silly audit   'is-glob': [ '4.0.3' ],
14 silly audit   'is-hex-prefixed': [ '1.0.0' ],
14 silly audit   'is-number': [ '7.0.0' ],
14 silly audit   'is-plain-obj': [ '2.1.0' ],
14 silly audit   'is-unicode-supported': [ '0.1.0' ],
14 silly audit   isarray: [ '1.0.0' ],
14 silly audit   isexe: [ '2.0.0' ],
14 silly audit   'js-sha3': [ '0.8.0' ],
14 silly audit   'js-yaml': [ '4.1.0', '3.14.1' ],
14 silly audit   'json-schema-traverse': [ '1.0.0' ],
14 silly audit   'json-stringify-safe': [ '5.0.1' ],
14 silly audit   jsonschema: [ '1.4.1' ],
14 silly audit   keccak: [ '3.0.4' ],
14 silly audit   'kind-of': [ '6.0.3' ],
14 silly audit   kleur: [ '3.0.3' ],
14 silly audit   levn: [ '0.3.0' ],
14 silly audit   'locate-path': [ '2.0.0', '6.0.0' ],
14 silly audit   lodash: [ '4.17.21' ],
14 silly audit   'lodash.camelcase': [ '4.3.0' ],
14 silly audit   'lodash.clonedeep': [ '4.5.0' ],
14 silly audit   'lodash.isequal': [ '4.5.0' ],
14 silly audit   'lodash.truncate': [ '4.4.2' ],
14 silly audit   'log-symbols': [ '4.1.0' ],
14 silly audit   loupe: [ '2.3.7' ],
14 silly audit   lru_map: [ '0.3.3' ],
14 silly audit   'make-error': [ '1.3.6' ],
14 silly audit   'markdown-table': [ '1.1.3' ],
14 silly audit   'md5.js': [ '1.3.5' ],
14 silly audit   memorystream: [ '0.3.1' ],
14 silly audit   merge2: [ '1.4.1' ],
14 silly audit   'micro-ftch': [ '0.3.1' ],
14 silly audit   micromatch: [ '4.0.7' ],
14 silly audit   'mime-db': [ '1.52.0' ],
14 silly audit   'mime-types': [ '2.1.35' ],
14 silly audit   'minimalistic-assert': [ '1.0.1' ],
14 silly audit   'minimalistic-crypto-utils': [ '1.0.1' ],
14 silly audit   minimatch: [ '3.1.2', '5.1.6' ],
14 silly audit   minimist: [ '1.2.8' ],
14 silly audit   mkdirp: [ '0.5.6', '1.0.4' ],
14 silly audit   mnemonist: [ '0.38.5' ],
14 silly audit   mocha: [ '10.7.0' ],
14 silly audit   ms: [ '2.1.3', '2.1.2' ],
14 silly audit   'p-limit': [ '3.1.0', '1.3.0' ],
14 silly audit   'p-locate': [ '5.0.0', '2.0.0' ],
14 silly audit   'path-exists': [ '4.0.0', '3.0.0' ],
14 silly audit   ndjson: [ '2.0.0' ],
14 silly audit   'neo-async': [ '2.6.2' ],
14 silly audit   'node-addon-api': [ '2.0.2' ],
14 silly audit   'node-emoji': [ '1.11.0' ],
14 silly audit   'node-gyp-build': [ '4.8.1' ],
14 silly audit   nofilter: [ '3.1.0' ],
14 silly audit   nopt: [ '3.0.6' ],
14 silly audit   'normalize-path': [ '3.0.0' ],
14 silly audit   'number-to-bn': [ '1.7.0' ],
14 silly audit   'object-assign': [ '4.1.1' ],
14 silly audit   'object-inspect': [ '1.13.2' ],
14 silly audit   obliterator: [ '2.0.4' ],
14 silly audit   once: [ '1.4.0' ],
14 silly audit   optionator: [ '0.8.3' ],
14 silly audit   ordinal: [ '1.0.3' ],
14 silly audit   'os-tmpdir': [ '1.0.2' ],
14 silly audit   'p-map': [ '4.0.0' ],
14 silly audit   'p-try': [ '1.0.0' ],
14 silly audit   'parse-cache-control': [ '1.0.1' ],
14 silly audit   'path-is-absolute': [ '1.0.1' ],
14 silly audit   'path-parse': [ '1.0.7' ],
14 silly audit   'path-type': [ '4.0.0' ],
14 silly audit   pathval: [ '1.1.1' ],
14 silly audit   pbkdf2: [ '3.1.2' ],
14 silly audit   picomatch: [ '2.3.1' ],
14 silly audit   pify: [ '4.0.1' ],
14 silly audit   'prelude-ls': [ '1.1.2' ],
14 silly audit   prettier: [ '2.8.8' ],
14 silly audit   'process-nextick-args': [ '2.0.1' ],
14 silly audit   promise: [ '8.3.0' ],
14 silly audit   prompts: [ '2.4.2' ],
14 silly audit   'proxy-from-env': [ '1.1.0' ],
14 silly audit   qs: [ '6.12.3' ],
14 silly audit   'queue-microtask': [ '1.2.3' ],
14 silly audit   randombytes: [ '2.1.0' ],
14 silly audit   'raw-body': [ '2.5.2' ],
14 silly audit   readdirp: [ '3.6.0' ],
14 silly audit   rechoir: [ '0.6.2' ],
14 silly audit   'recursive-readdir': [ '2.2.3' ],
14 silly audit   'reduce-flatten': [ '2.0.0' ],
14 silly audit   'req-cwd': [ '2.0.0' ],
14 silly audit   'req-from': [ '2.0.0' ],
14 silly audit   'require-directory': [ '2.1.1' ],
14 silly audit   'require-from-string': [ '2.0.2' ],
14 silly audit   resolve: [ '1.17.0', '1.1.7' ],
14 silly audit   'resolve-from': [ '3.0.0' ],
14 silly audit   reusify: [ '1.0.4' ],
14 silly audit   ripemd160: [ '2.0.2' ],
14 silly audit   rlp: [ '2.2.7' ],
14 silly audit   'run-parallel': [ '1.2.0' ],
14 silly audit   'safer-buffer': [ '2.1.2' ],
14 silly audit   'sc-istanbul': [ '0.4.6' ],
14 silly audit   'scrypt-js': [ '3.0.1' ],
14 silly audit   secp256k1: [ '4.0.3' ],
14 silly audit   semver: [ '6.3.1', '5.7.2', '7.6.3' ],
14 silly audit   'serialize-javascript': [ '6.0.2' ],
14 silly audit   'set-function-length': [ '1.2.2' ],
14 silly audit   setimmediate: [ '1.0.5' ],
14 silly audit   setprototypeof: [ '1.2.0' ],
14 silly audit   'sha.js': [ '2.4.11' ],
14 silly audit   sha1: [ '1.1.1' ],
14 silly audit   shelljs: [ '0.8.5' ],
14 silly audit   'side-channel': [ '1.0.6' ],
14 silly audit   sisteransi: [ '1.0.5' ],
14 silly audit   slash: [ '3.0.0' ],
14 silly audit   'slice-ansi': [ '4.0.0' ],
14 silly audit   solc: [ '0.8.26' ],
14 silly audit   'solidity-coverage': [ '0.8.12' ],
14 silly audit   'source-map-support': [ '0.5.21' ],
14 silly audit   split2: [ '3.2.2' ],
14 silly audit   'sprintf-js': [ '1.0.3' ],
14 silly audit   'stacktrace-parser': [ '0.1.10' ],
14 silly audit   statuses: [ '2.0.1' ],
14 silly audit   'string-format': [ '2.0.0' ],
14 silly audit   'strip-hex-prefix': [ '1.0.0' ],
14 silly audit   'strip-json-comments': [ '3.1.1' ],
14 silly audit   'sync-request': [ '6.1.0' ],
14 silly audit   'sync-rpc': [ '1.3.6' ],
14 silly audit   table: [ '6.8.2' ],
14 silly audit   'table-layout': [ '1.0.2' ],
14 silly audit   'then-request': [ '6.0.2' ],
14 silly audit   through2: [ '4.0.2' ],
14 silly audit   tmp: [ '0.0.33' ],
14 silly audit   'to-regex-range': [ '5.0.1' ],
14 silly audit   toidentifier: [ '1.0.1' ],
14 silly audit   'ts-command-line-args': [ '2.5.1' ],
14 silly audit   'ts-essentials': [ '7.0.3' ],
14 silly audit   'ts-node': [ '10.9.2' ],
14 silly audit   tsort: [ '0.0.1' ],
14 silly audit   tweetnacl: [ '1.0.3' ],
14 silly audit   'tweetnacl-util': [ '0.15.1' ],
14 silly audit   'type-check': [ '0.3.2' ],
14 silly audit   'type-detect': [ '4.1.0' ],
14 silly audit   typechain: [ '8.3.2' ],
14 silly audit   typedarray: [ '0.0.6' ],
14 silly audit   typescript: [ '5.5.4' ],
14 silly audit   'uglify-js': [ '3.19.0' ],
14 silly audit   undici: [ '5.28.4' ],
14 silly audit   'undici-types': [ '5.26.5' ],
14 silly audit   unpipe: [ '1.0.0' ],
14 silly audit   utf8: [ '3.0.0' ],
14 silly audit   'util-deprecate': [ '1.0.2' ],
14 silly audit   uuid: [ '8.3.2' ],
14 silly audit   'v8-compile-cache-lib': [ '3.0.1' ],
14 silly audit   'web3-utils': [ '1.10.4' ],
14 silly audit   which: [ '1.3.1' ],
14 silly audit   'widest-line': [ '3.1.0' ],
14 silly audit   'word-wrap': [ '1.2.5' ],
14 silly audit   wordwrap: [ '1.0.0' ],
14 silly audit   wordwrapjs: [ '4.0.1' ],
14 silly audit   workerpool: [ '6.5.1' ],
14 silly audit   'wrap-ansi': [ '7.0.0' ],
14 silly audit   wrappy: [ '1.0.2' ],
14 silly audit   y18n: [ '5.0.8' ],
14 silly audit   yargs: [ '16.2.0' ],
14 silly audit   'yargs-parser': [ '20.2.9' ],
14 silly audit   'yargs-unparser': [ '2.0.0' ],
14 silly audit   yn: [ '3.1.1' ],
14 silly audit   'yocto-queue': [ '0.1.0' ]
14 silly audit }
15 http fetch POST 200 https://registry.npmjs.org/-/npm/v1/security/advisories/bulk 435ms
16 silly audit report {
16 silly audit report   ws: [
16 silly audit report     {
16 silly audit report       id: 1097616,
16 silly audit report       url: 'https://github.com/advisories/GHSA-3h5v-q93c-6h6q',
16 silly audit report       title: 'ws affected by a DoS when handling a request with many HTTP headers',
16 silly audit report       severity: 'high',
16 silly audit report       vulnerable_versions: '>=7.0.0 <7.5.10',
16 silly audit report       cwe: [Array],
16 silly audit report       cvss: [Object]
16 silly audit report     }
16 silly audit report   ]
16 silly audit report }
17 silly packumentCache corgi:https://registry.npmjs.org/ws cache-miss
18 http fetch GET 200 https://registry.npmjs.org/ws 42ms (cache hit)
19 silly packumentCache corgi:https://registry.npmjs.org/ws set size:190597 disposed:false
20 silly packumentCache corgi:https://registry.npmjs.org/@ethersproject%2fproviders cache-miss
21 http fetch GET 200 https://registry.npmjs.org/@ethersproject%2fproviders 13ms (cache hit)
22 silly packumentCache corgi:https://registry.npmjs.org/@ethersproject%2fproviders set size:248939 disposed:false
23 silly packumentCache corgi:https://registry.npmjs.org/ethers cache-miss
24 http fetch GET 200 https://registry.npmjs.org/ethers 11ms (cache hit)
25 silly packumentCache corgi:https://registry.npmjs.org/ethers set size:678558 disposed:false
26 silly packumentCache corgi:https://registry.npmjs.org/eth-gas-reporter cache-miss
27 http fetch GET 200 https://registry.npmjs.org/eth-gas-reporter 10ms (cache hit)
28 silly packumentCache corgi:https://registry.npmjs.org/eth-gas-reporter set size:110101 disposed:false
29 silly packumentCache corgi:https://registry.npmjs.org/hardhat-gas-reporter cache-miss
30 http fetch GET 200 https://registry.npmjs.org/hardhat-gas-reporter 5ms (cache hit)
31 silly packumentCache corgi:https://registry.npmjs.org/hardhat-gas-reporter set size:64274 disposed:false
32 silly idealTree buildDeps
33 silly fetch manifest ws@7.4.6
34 silly packumentCache full:https://registry.npmjs.org/ws cache-miss
35 http fetch GET 200 https://registry.npmjs.org/ws 102ms (cache hit)
36 silly packumentCache full:https://registry.npmjs.org/ws set size:403597 disposed:false
37 silly fetch manifest bufferutil@^4.0.1
38 silly packumentCache full:https://registry.npmjs.org/bufferutil cache-miss
39 http fetch GET 200 https://registry.npmjs.org/bufferutil 228ms (cache hit)
40 silly packumentCache full:https://registry.npmjs.org/bufferutil set size:49090 disposed:false
41 silly fetch manifest utf-8-validate@^5.0.2
42 silly packumentCache full:https://registry.npmjs.org/utf-8-validate cache-miss
43 http fetch GET 200 https://registry.npmjs.org/utf-8-validate 6ms (cache hit)
44 silly packumentCache full:https://registry.npmjs.org/utf-8-validate set size:73063 disposed:false
45 silly placeDep node_modules/@ethersproject/providers ws@7.4.6 KEEP for: @ethersproject/providers@5.7.2 want: 7.4.6
46 silly fetch manifest ethers@^5.7.2
47 silly packumentCache full:https://registry.npmjs.org/ethers cache-miss
48 http fetch GET 200 https://registry.npmjs.org/ethers 13ms (cache hit)
49 silly packumentCache full:https://registry.npmjs.org/ethers set size:1309679 disposed:false
50 silly placeDep node_modules/eth-gas-reporter ethers@5.7.2 KEEP for: eth-gas-reporter@0.2.27 want: ^5.7.2
51 silly fetch manifest eth-gas-reporter@^0.2.25
52 silly packumentCache full:https://registry.npmjs.org/eth-gas-reporter cache-miss
53 http fetch GET 200 https://registry.npmjs.org/eth-gas-reporter 16ms (cache hit)
54 silly packumentCache full:https://registry.npmjs.org/eth-gas-reporter set size:285687 disposed:false
55 silly fetch manifest @codechecks/client@^0.1.0
56 silly packumentCache full:https://registry.npmjs.org/@codechecks%2fclient cache-miss
57 http fetch GET 200 https://registry.npmjs.org/@codechecks%2fclient 5ms (cache hit)
58 silly packumentCache full:https://registry.npmjs.org/@codechecks%2fclient set size:223811 disposed:false
59 silly placeDep ROOT eth-gas-reporter@0.2.25 KEEP for: hardhat-gas-reporter@1.0.10 want: ^0.2.25
60 silly fetch manifest @ethersproject/providers@5.7.2
61 silly packumentCache full:https://registry.npmjs.org/@ethersproject%2fproviders cache-miss
62 http fetch GET 200 https://registry.npmjs.org/@ethersproject%2fproviders 7ms (cache hit)
63 silly packumentCache full:https://registry.npmjs.org/@ethersproject%2fproviders set size:457145 disposed:false
64 silly placeDep ROOT @ethersproject/providers@5.7.2 KEEP for: ethers@5.7.2 want: 5.7.2
65 silly reify moves {}
66 silly audit bulk request {
66 silly audit   '@adraffy/ens-normalize': [ '1.10.1' ],
66 silly audit   '@cspotcode/source-map-support': [ '0.8.1' ],
66 silly audit   '@ethereumjs/rlp': [ '4.0.1' ],
66 silly audit   '@ethereumjs/util': [ '8.1.0' ],
66 silly audit   '@noble/curves': [ '1.4.2', '1.2.0' ],
66 silly audit   '@noble/hashes': [ '1.4.0', '1.3.2', '1.2.0' ],
66 silly audit   '@scure/bip32': [ '1.4.0', '1.1.5' ],
66 silly audit   '@scure/bip39': [ '1.3.0', '1.1.1' ],
66 silly audit   'ethereum-cryptography': [ '2.2.1', '0.1.3', '1.2.0' ],
66 silly audit   '@ethersproject/abi': [ '5.7.0' ],
66 silly audit   '@ethersproject/abstract-provider': [ '5.7.0' ],
66 silly audit   '@ethersproject/abstract-signer': [ '5.7.0' ],
66 silly audit   '@ethersproject/address': [ '5.7.0', '5.6.1' ],
66 silly audit   '@ethersproject/base64': [ '5.7.0' ],
66 silly audit   '@ethersproject/basex': [ '5.7.0' ],
66 silly audit   '@ethersproject/bignumber': [ '5.7.0' ],
66 silly audit   '@ethersproject/bytes': [ '5.7.0' ],
66 silly audit   '@ethersproject/constants': [ '5.7.0' ],
66 silly audit   '@ethersproject/contracts': [ '5.7.0' ],
66 silly audit   '@ethersproject/hash': [ '5.7.0' ],
66 silly audit   '@ethersproject/hdnode': [ '5.7.0' ],
66 silly audit   '@ethersproject/json-wallets': [ '5.7.0' ],
66 silly audit   'aes-js': [ '3.0.0', '4.0.0-beta.5' ],
66 silly audit   '@ethersproject/keccak256': [ '5.7.0' ],
66 silly audit   '@ethersproject/logger': [ '5.7.0' ],
66 silly audit   '@ethersproject/networks': [ '5.7.1' ],
66 silly audit   '@ethersproject/pbkdf2': [ '5.7.0' ],
66 silly audit   '@ethersproject/properties': [ '5.7.0' ],
66 silly audit   '@ethersproject/providers': [ '5.7.2' ],
66 silly audit   ws: [ '7.4.6', '8.17.1', '7.5.10' ],
66 silly audit   '@ethersproject/random': [ '5.7.0' ],
66 silly audit   '@ethersproject/rlp': [ '5.7.0' ],
66 silly audit   '@ethersproject/sha2': [ '5.7.0' ],
66 silly audit   '@ethersproject/signing-key': [ '5.7.0' ],
66 silly audit   '@ethersproject/solidity': [ '5.7.0' ],
66 silly audit   '@ethersproject/strings': [ '5.7.0' ],
66 silly audit   '@ethersproject/transactions': [ '5.7.0' ],
66 silly audit   '@ethersproject/units': [ '5.7.0' ],
66 silly audit   '@ethersproject/wallet': [ '5.7.0' ],
66 silly audit   '@ethersproject/web': [ '5.7.1' ],
66 silly audit   '@ethersproject/wordlists': [ '5.7.0' ],
66 silly audit   '@fastify/busboy': [ '2.1.1' ],
66 silly audit   '@jridgewell/resolve-uri': [ '3.1.2' ],
66 silly audit   '@jridgewell/sourcemap-codec': [ '1.5.0' ],
66 silly audit   '@jridgewell/trace-mapping': [ '0.3.9' ],
66 silly audit   '@metamask/eth-sig-util': [ '4.0.1' ],
66 silly audit   '@noble/secp256k1': [ '1.7.1' ],
66 silly audit   '@nodelib/fs.scandir': [ '2.1.5' ],
66 silly audit   '@nodelib/fs.stat': [ '2.0.5' ],
66 silly audit   '@nodelib/fs.walk': [ '1.2.8' ],
66 silly audit   '@nomicfoundation/edr': [ '0.4.2' ],
66 silly audit   '@nomicfoundation/edr-darwin-arm64': [ '0.4.2' ],
66 silly audit   '@nomicfoundation/edr-darwin-x64': [ '0.4.2' ],
66 silly audit   '@nomicfoundation/edr-linux-arm64-gnu': [ '0.4.2' ],
66 silly audit   '@nomicfoundation/edr-linux-arm64-musl': [ '0.4.2' ],
66 silly audit   '@nomicfoundation/edr-linux-x64-gnu': [ '0.4.2' ],
66 silly audit   '@nomicfoundation/edr-linux-x64-musl': [ '0.4.2' ],
66 silly audit   '@nomicfoundation/edr-win32-x64-msvc': [ '0.4.2' ],
66 silly audit   '@nomicfoundation/ethereumjs-common': [ '4.0.4' ],
66 silly audit   '@nomicfoundation/ethereumjs-rlp': [ '5.0.4' ],
66 silly audit   '@nomicfoundation/ethereumjs-tx': [ '5.0.4' ],
66 silly audit   '@nomicfoundation/ethereumjs-util': [ '9.0.4' ],
66 silly audit   '@nomicfoundation/hardhat-chai-matchers': [ '2.0.7' ],
66 silly audit   '@nomicfoundation/hardhat-ethers': [ '3.0.6' ],
66 silly audit   '@nomicfoundation/hardhat-ignition': [ '0.15.5' ],
66 silly audit   '@nomicfoundation/hardhat-ignition-ethers': [ '0.15.5' ],
66 silly audit   'ansi-styles': [ '4.3.0', '3.2.1' ],
66 silly audit   chalk: [ '4.1.2', '2.4.2' ],
66 silly audit   'color-convert': [ '2.0.1', '1.9.3' ],
66 silly audit   'color-name': [ '1.1.4', '1.1.3' ],
66 silly audit   'fs-extra': [ '10.1.0', '9.1.0', '7.0.1', '8.1.0' ],
66 silly audit   'has-flag': [ '4.0.0', '3.0.0', '1.0.0' ],
66 silly audit   jsonfile: [ '6.1.0', '4.0.0' ],
66 silly audit   'supports-color': [ '7.2.0', '8.1.1', '3.2.3', '5.5.0' ],
66 silly audit   universalify: [ '2.0.1', '0.1.2' ],
66 silly audit   '@nomicfoundation/hardhat-network-helpers': [ '1.0.11' ],
66 silly audit   'ethereumjs-util': [ '7.1.5', '6.2.1' ],
66 silly audit   '@nomicfoundation/hardhat-toolbox': [ '5.0.0' ],
66 silly audit   '@nomicfoundation/hardhat-verify': [ '2.0.8' ],
66 silly audit   '@nomicfoundation/ignition-core': [ '0.15.5' ],
66 silly audit   cbor: [ '9.0.2', '8.1.0' ],
66 silly audit   '@nomicfoundation/ignition-ui': [ '0.15.5' ],
66 silly audit   '@nomicfoundation/solidity-analyzer': [ '0.1.2' ],
66 silly audit   '@nomicfoundation/solidity-analyzer-darwin-arm64': [ '0.1.2' ],
66 silly audit   '@nomicfoundation/solidity-analyzer-darwin-x64': [ '0.1.2' ],
66 silly audit   '@nomicfoundation/solidity-analyzer-linux-arm64-gnu': [ '0.1.2' ],
66 silly audit   '@nomicfoundation/solidity-analyzer-linux-arm64-musl': [ '0.1.2' ],
66 silly audit   '@nomicfoundation/solidity-analyzer-linux-x64-gnu': [ '0.1.2' ],
66 silly audit   '@nomicfoundation/solidity-analyzer-linux-x64-musl': [ '0.1.2' ],
66 silly audit   '@nomicfoundation/solidity-analyzer-win32-x64-msvc': [ '0.1.2' ],
66 silly audit   '@scure/base': [ '1.1.7' ],
66 silly audit   '@sentry/core': [ '5.30.0' ],
66 silly audit   '@sentry/hub': [ '5.30.0' ],
66 silly audit   '@sentry/minimal': [ '5.30.0' ],
66 silly audit   '@sentry/node': [ '5.30.0' ],
66 silly audit   '@sentry/tracing': [ '5.30.0' ],
66 silly audit   '@sentry/types': [ '5.30.0' ],
66 silly audit   '@sentry/utils': [ '5.30.0' ],
66 silly audit   '@solidity-parser/parser': [ '0.14.5', '0.18.0' ],
66 silly audit   '@tsconfig/node10': [ '1.0.11' ],
66 silly audit   '@tsconfig/node12': [ '1.0.11' ],
66 silly audit   '@tsconfig/node14': [ '1.0.3' ],
66 silly audit   '@tsconfig/node16': [ '1.0.4' ],
66 silly audit   '@typechain/ethers-v6': [ '0.5.1' ],
66 silly audit   '@typechain/hardhat': [ '9.1.0' ],
66 silly audit   '@types/bn.js': [ '5.1.5', '4.11.6' ],
66 silly audit   '@types/chai': [ '4.3.16' ],
66 silly audit   '@types/chai-as-promised': [ '7.1.8' ],
66 silly audit   '@types/concat-stream': [ '1.6.1' ],
66 silly audit   '@types/form-data': [ '0.0.33' ],
66 silly audit   '@types/glob': [ '7.2.0' ],
66 silly audit   '@types/lru-cache': [ '5.1.1' ],
66 silly audit   '@types/minimatch': [ '5.1.2' ],
66 silly audit   '@types/mocha': [ '10.0.7' ],
66 silly audit   '@types/node': [ '20.14.12', '18.15.13', '10.17.60', '8.10.66' ],
66 silly audit   '@types/pbkdf2': [ '3.1.2' ],
66 silly audit   '@types/prettier': [ '2.7.3' ],
66 silly audit   '@types/qs': [ '6.9.15' ],
66 silly audit   '@types/secp256k1': [ '4.0.6' ],
66 silly audit   abbrev: [ '1.0.9' ],
66 silly audit   acorn: [ '8.12.1' ],
66 silly audit   'acorn-walk': [ '8.3.3' ],
66 silly audit   'adm-zip': [ '0.4.16' ],
66 silly audit   'agent-base': [ '6.0.2' ],
66 silly audit   'aggregate-error': [ '3.1.0' ],
66 silly audit   ajv: [ '8.17.1' ],
66 silly audit   amdefine: [ '1.0.1' ],
66 silly audit   'ansi-align': [ '3.0.1' ],
66 silly audit   'ansi-colors': [ '4.1.3' ],
66 silly audit   'ansi-escapes': [ '4.3.2' ],
66 silly audit   'ansi-regex': [ '5.0.1', '3.0.1' ],
66 silly audit   antlr4ts: [ '0.5.0-alpha.4' ],
66 silly audit   anymatch: [ '3.1.3' ],
66 silly audit   arg: [ '4.1.3' ],
66 silly audit   argparse: [ '2.0.1', '1.0.10' ],
66 silly audit   'array-back': [ '3.1.0', '4.0.2' ],
66 silly audit   'array-union': [ '2.1.0' ],
66 silly audit   'array-uniq': [ '1.0.3' ],
66 silly audit   asap: [ '2.0.6' ],
66 silly audit   'assertion-error': [ '1.1.0' ],
66 silly audit   'astral-regex': [ '2.0.0' ],
66 silly audit   async: [ '1.5.2' ],
66 silly audit   asynckit: [ '0.4.0' ],
66 silly audit   'at-least-node': [ '1.0.0' ],
66 silly audit   axios: [ '1.7.2' ],
66 silly audit   'balanced-match': [ '1.0.2' ],
66 silly audit   'base-x': [ '3.0.10' ],
66 silly audit   bech32: [ '1.1.4' ],
66 silly audit   'binary-extensions': [ '2.3.0' ],
66 silly audit   blakejs: [ '1.2.1' ],
66 silly audit   'bn.js': [ '5.2.1', '4.12.0', '4.11.6' ],
66 silly audit   boxen: [ '5.1.2' ],
66 silly audit   'type-fest': [ '0.20.2', '0.7.1', '0.21.3' ],
66 silly audit   'brace-expansion': [ '1.1.11', '2.0.1' ],
66 silly audit   braces: [ '3.0.3' ],
66 silly audit   brorand: [ '1.1.0' ],
66 silly audit   'browser-stdout': [ '1.3.1' ],
66 silly audit   'browserify-aes': [ '1.2.0' ],
66 silly audit   bs58: [ '4.0.1' ],
66 silly audit   bs58check: [ '2.1.2' ],
66 silly audit   'buffer-from': [ '1.1.2' ],
66 silly audit   'buffer-xor': [ '1.0.3' ],
66 silly audit   bytes: [ '3.1.2' ],
66 silly audit   'call-bind': [ '1.0.7' ],
66 silly audit   camelcase: [ '6.3.0' ],
66 silly audit   caseless: [ '0.12.0' ],
66 silly audit   chai: [ '4.5.0' ],
66 silly audit   'chai-as-promised': [ '7.1.2' ],
66 silly audit   charenc: [ '0.0.2' ],
66 silly audit   'check-error': [ '1.0.3' ],
66 silly audit   chokidar: [ '3.6.0' ],
66 silly audit   'ci-info': [ '2.0.0' ],
66 silly audit   'cipher-base': [ '1.0.4' ],
66 silly audit   'clean-stack': [ '2.2.0' ],
66 silly audit   'cli-boxes': [ '2.2.1' ],
66 silly audit   'cli-table3': [ '0.5.1' ],
66 silly audit   'is-fullwidth-code-point': [ '2.0.0', '3.0.0' ],
66 silly audit   'string-width': [ '2.1.1', '4.2.3' ],
66 silly audit   'strip-ansi': [ '4.0.0', '6.0.1' ],
66 silly audit   cliui: [ '7.0.4' ],
66 silly audit   colors: [ '1.4.0' ],
66 silly audit   'combined-stream': [ '1.0.8' ],
66 silly audit   'command-exists': [ '1.2.9' ],
66 silly audit   'command-line-args': [ '5.2.1' ],
66 silly audit   'command-line-usage': [ '6.1.3' ],
66 silly audit   typical: [ '5.2.0', '4.0.0' ],
66 silly audit   commander: [ '8.3.0' ],
66 silly audit   'concat-map': [ '0.0.1' ],
66 silly audit   'concat-stream': [ '1.6.2' ],
66 silly audit   'readable-stream': [ '2.3.8', '3.6.2' ],
66 silly audit   'safe-buffer': [ '5.1.2', '5.2.1' ],
66 silly audit   string_decoder: [ '1.1.1', '1.3.0' ],
66 silly audit   cookie: [ '0.4.2' ],
66 silly audit   'core-util-is': [ '1.0.3' ],
66 silly audit   'create-hash': [ '1.2.0' ],
66 silly audit   'create-hmac': [ '1.1.7' ],
66 silly audit   'create-require': [ '1.1.1' ],
66 silly audit   crypt: [ '0.0.2' ],
66 silly audit   death: [ '1.1.0' ],
66 silly audit   debug: [ '4.3.6' ],
66 silly audit   decamelize: [ '4.0.0' ],
66 silly audit   'deep-eql': [ '4.1.4' ],
66 silly audit   'deep-extend': [ '0.6.0' ],
66 silly audit   'deep-is': [ '0.1.4' ],
66 silly audit   'define-data-property': [ '1.1.4' ],
66 silly audit   'delayed-stream': [ '1.0.0' ],
66 silly audit   depd: [ '2.0.0' ],
66 silly audit   diff: [ '5.2.0', '4.0.2' ],
66 silly audit   difflib: [ '0.2.4' ],
66 silly audit   'dir-glob': [ '3.0.1' ],
66 silly audit   elliptic: [ '6.5.4' ],
66 silly audit   'emoji-regex': [ '8.0.0' ],
66 silly audit   enquirer: [ '2.4.1' ],
66 silly audit   'env-paths': [ '2.2.1' ],
66 silly audit   'es-define-property': [ '1.0.0' ],
66 silly audit   'es-errors': [ '1.3.0' ],
66 silly audit   escalade: [ '3.1.2' ],
66 silly audit   'escape-string-regexp': [ '1.0.5', '4.0.0' ],
66 silly audit   escodegen: [ '1.8.1' ],
66 silly audit   'source-map': [ '0.2.0', '0.6.1' ],
66 silly audit   esprima: [ '2.7.3', '4.0.1' ],
66 silly audit   estraverse: [ '1.9.3' ],
66 silly audit   esutils: [ '2.0.3' ],
66 silly audit   'eth-gas-reporter': [ '0.2.27' ],
66 silly audit   ethers: [ '5.7.2', '6.13.2' ],
66 silly audit   'ethereum-bloom-filters': [ '1.2.0' ],
66 silly audit   'ethereumjs-abi': [ '0.6.8' ],
66 silly audit   tslib: [ '2.4.0', '1.14.1' ],
66 silly audit   'ethjs-unit': [ '0.1.6' ],
66 silly audit   'ethjs-util': [ '0.1.6' ],
66 silly audit   evp_bytestokey: [ '1.0.3' ],
66 silly audit   'fast-deep-equal': [ '3.1.3' ],
66 silly audit   'fast-glob': [ '3.3.2' ],
66 silly audit   'fast-levenshtein': [ '2.0.6' ],
66 silly audit   'fast-uri': [ '3.0.1' ],
66 silly audit   fastq: [ '1.17.1' ],
66 silly audit   'fill-range': [ '7.1.1' ],
66 silly audit   'find-replace': [ '3.0.0' ],
66 silly audit   'find-up': [ '2.1.0', '5.0.0' ],
66 silly audit   flat: [ '5.0.2' ],
66 silly audit   'follow-redirects': [ '1.15.6' ],
66 silly audit   'form-data': [ '4.0.0', '2.5.1' ],
66 silly audit   'fp-ts': [ '1.19.3' ],
66 silly audit   'fs-readdir-recursive': [ '1.1.0' ],
66 silly audit   'fs.realpath': [ '1.0.0' ],
66 silly audit   fsevents: [ '2.3.3' ],
66 silly audit   'function-bind': [ '1.1.2' ],
66 silly audit   'get-caller-file': [ '2.0.5' ],
66 silly audit   'get-func-name': [ '2.0.2' ],
66 silly audit   'get-intrinsic': [ '1.2.4' ],
66 silly audit   'get-port': [ '3.2.0' ],
66 silly audit   'ghost-testrpc': [ '0.0.2' ],
66 silly audit   glob: [ '7.2.0', '8.1.0', '5.0.15', '7.1.7' ],
66 silly audit   'glob-parent': [ '5.1.2' ],
66 silly audit   'global-modules': [ '2.0.0' ],
66 silly audit   'global-prefix': [ '3.0.0' ],
66 silly audit   globby: [ '10.0.2' ],
66 silly audit   gopd: [ '1.0.1' ],
66 silly audit   'graceful-fs': [ '4.2.11' ],
66 silly audit   handlebars: [ '4.7.8' ],
66 silly audit   hardhat: [ '2.22.6' ],
66 silly audit   'hardhat-gas-reporter': [ '1.0.10' ],
66 silly audit   'has-property-descriptors': [ '1.0.2' ],
66 silly audit   'has-proto': [ '1.0.3' ],
66 silly audit   'has-symbols': [ '1.0.3' ],
66 silly audit   'hash-base': [ '3.1.0' ],
66 silly audit   'hash.js': [ '1.1.7' ],
66 silly audit   hasown: [ '2.0.2' ],
66 silly audit   he: [ '1.2.0' ],
66 silly audit   heap: [ '0.2.7' ],
66 silly audit   'hmac-drbg': [ '1.0.1' ],
66 silly audit   'http-basic': [ '8.1.3' ],
66 silly audit   'http-errors': [ '2.0.0' ],
66 silly audit   'http-response-object': [ '3.0.2' ],
66 silly audit   'https-proxy-agent': [ '5.0.1' ],
66 silly audit   'iconv-lite': [ '0.4.24' ],
66 silly audit   ignore: [ '5.3.1' ],
66 silly audit   immer: [ '10.0.2' ],
66 silly audit   immutable: [ '4.3.7' ],
66 silly audit   'indent-string': [ '4.0.0' ],
66 silly audit   inflight: [ '1.0.6' ],
66 silly audit   inherits: [ '2.0.4' ],
66 silly audit   ini: [ '1.3.8' ],
66 silly audit   interpret: [ '1.4.0' ],
66 silly audit   'io-ts': [ '1.10.4' ],
66 silly audit   'is-binary-path': [ '2.1.0' ],
66 silly audit   'is-extglob': [ '2.1.1' ],
66 silly audit   'is-glob': [ '4.0.3' ],
66 silly audit   'is-hex-prefixed': [ '1.0.0' ],
66 silly audit   'is-number': [ '7.0.0' ],
66 silly audit   'is-plain-obj': [ '2.1.0' ],
66 silly audit   'is-unicode-supported': [ '0.1.0' ],
66 silly audit   isarray: [ '1.0.0' ],
66 silly audit   isexe: [ '2.0.0' ],
66 silly audit   'js-sha3': [ '0.8.0' ],
66 silly audit   'js-yaml': [ '4.1.0', '3.14.1' ],
66 silly audit   'json-schema-traverse': [ '1.0.0' ],
66 silly audit   'json-stringify-safe': [ '5.0.1' ],
66 silly audit   jsonschema: [ '1.4.1' ],
66 silly audit   keccak: [ '3.0.4' ],
66 silly audit   'kind-of': [ '6.0.3' ],
66 silly audit   kleur: [ '3.0.3' ],
66 silly audit   levn: [ '0.3.0' ],
66 silly audit   'locate-path': [ '2.0.0', '6.0.0' ],
66 silly audit   lodash: [ '4.17.21' ],
66 silly audit   'lodash.camelcase': [ '4.3.0' ],
66 silly audit   'lodash.clonedeep': [ '4.5.0' ],
66 silly audit   'lodash.isequal': [ '4.5.0' ],
66 silly audit   'lodash.truncate': [ '4.4.2' ],
66 silly audit   'log-symbols': [ '4.1.0' ],
66 silly audit   loupe: [ '2.3.7' ],
66 silly audit   lru_map: [ '0.3.3' ],
66 silly audit   'make-error': [ '1.3.6' ],
66 silly audit   'markdown-table': [ '1.1.3' ],
66 silly audit   'md5.js': [ '1.3.5' ],
66 silly audit   memorystream: [ '0.3.1' ],
66 silly audit   merge2: [ '1.4.1' ],
66 silly audit   'micro-ftch': [ '0.3.1' ],
66 silly audit   micromatch: [ '4.0.7' ],
66 silly audit   'mime-db': [ '1.52.0' ],
66 silly audit   'mime-types': [ '2.1.35' ],
66 silly audit   'minimalistic-assert': [ '1.0.1' ],
66 silly audit   'minimalistic-crypto-utils': [ '1.0.1' ],
66 silly audit   minimatch: [ '3.1.2', '5.1.6' ],
66 silly audit   minimist: [ '1.2.8' ],
66 silly audit   mkdirp: [ '0.5.6', '1.0.4' ],
66 silly audit   mnemonist: [ '0.38.5' ],
66 silly audit   mocha: [ '10.7.0' ],
66 silly audit   ms: [ '2.1.3', '2.1.2' ],
66 silly audit   'p-limit': [ '3.1.0', '1.3.0' ],
66 silly audit   'p-locate': [ '5.0.0', '2.0.0' ],
66 silly audit   'path-exists': [ '4.0.0', '3.0.0' ],
66 silly audit   ndjson: [ '2.0.0' ],
66 silly audit   'neo-async': [ '2.6.2' ],
66 silly audit   'node-addon-api': [ '2.0.2' ],
66 silly audit   'node-emoji': [ '1.11.0' ],
66 silly audit   'node-gyp-build': [ '4.8.1' ],
66 silly audit   nofilter: [ '3.1.0' ],
66 silly audit   nopt: [ '3.0.6' ],
66 silly audit   'normalize-path': [ '3.0.0' ],
66 silly audit   'number-to-bn': [ '1.7.0' ],
66 silly audit   'object-assign': [ '4.1.1' ],
66 silly audit   'object-inspect': [ '1.13.2' ],
66 silly audit   obliterator: [ '2.0.4' ],
66 silly audit   once: [ '1.4.0' ],
66 silly audit   optionator: [ '0.8.3' ],
66 silly audit   ordinal: [ '1.0.3' ],
66 silly audit   'os-tmpdir': [ '1.0.2' ],
66 silly audit   'p-map': [ '4.0.0' ],
66 silly audit   'p-try': [ '1.0.0' ],
66 silly audit   'parse-cache-control': [ '1.0.1' ],
66 silly audit   'path-is-absolute': [ '1.0.1' ],
66 silly audit   'path-parse': [ '1.0.7' ],
66 silly audit   'path-type': [ '4.0.0' ],
66 silly audit   pathval: [ '1.1.1' ],
66 silly audit   pbkdf2: [ '3.1.2' ],
66 silly audit   picomatch: [ '2.3.1' ],
66 silly audit   pify: [ '4.0.1' ],
66 silly audit   'prelude-ls': [ '1.1.2' ],
66 silly audit   prettier: [ '2.8.8' ],
66 silly audit   'process-nextick-args': [ '2.0.1' ],
66 silly audit   promise: [ '8.3.0' ],
66 silly audit   prompts: [ '2.4.2' ],
66 silly audit   'proxy-from-env': [ '1.1.0' ],
66 silly audit   qs: [ '6.12.3' ],
66 silly audit   'queue-microtask': [ '1.2.3' ],
66 silly audit   randombytes: [ '2.1.0' ],
66 silly audit   'raw-body': [ '2.5.2' ],
66 silly audit   readdirp: [ '3.6.0' ],
66 silly audit   rechoir: [ '0.6.2' ],
66 silly audit   'recursive-readdir': [ '2.2.3' ],
66 silly audit   'reduce-flatten': [ '2.0.0' ],
66 silly audit   'req-cwd': [ '2.0.0' ],
66 silly audit   'req-from': [ '2.0.0' ],
66 silly audit   'require-directory': [ '2.1.1' ],
66 silly audit   'require-from-string': [ '2.0.2' ],
66 silly audit   resolve: [ '1.17.0', '1.1.7' ],
66 silly audit   'resolve-from': [ '3.0.0' ],
66 silly audit   reusify: [ '1.0.4' ],
66 silly audit   ripemd160: [ '2.0.2' ],
66 silly audit   rlp: [ '2.2.7' ],
66 silly audit   'run-parallel': [ '1.2.0' ],
66 silly audit   'safer-buffer': [ '2.1.2' ],
66 silly audit   'sc-istanbul': [ '0.4.6' ],
66 silly audit   'scrypt-js': [ '3.0.1' ],
66 silly audit   secp256k1: [ '4.0.3' ],
66 silly audit   semver: [ '6.3.1', '5.7.2', '7.6.3' ],
66 silly audit   'serialize-javascript': [ '6.0.2' ],
66 silly audit   'set-function-length': [ '1.2.2' ],
66 silly audit   setimmediate: [ '1.0.5' ],
66 silly audit   setprototypeof: [ '1.2.0' ],
66 silly audit   'sha.js': [ '2.4.11' ],
66 silly audit   sha1: [ '1.1.1' ],
66 silly audit   shelljs: [ '0.8.5' ],
66 silly audit   'side-channel': [ '1.0.6' ],
66 silly audit   sisteransi: [ '1.0.5' ],
66 silly audit   slash: [ '3.0.0' ],
66 silly audit   'slice-ansi': [ '4.0.0' ],
66 silly audit   solc: [ '0.8.26' ],
66 silly audit   'solidity-coverage': [ '0.8.12' ],
66 silly audit   'source-map-support': [ '0.5.21' ],
66 silly audit   split2: [ '3.2.2' ],
66 silly audit   'sprintf-js': [ '1.0.3' ],
66 silly audit   'stacktrace-parser': [ '0.1.10' ],
66 silly audit   statuses: [ '2.0.1' ],
66 silly audit   'string-format': [ '2.0.0' ],
66 silly audit   'strip-hex-prefix': [ '1.0.0' ],
66 silly audit   'strip-json-comments': [ '3.1.1' ],
66 silly audit   'sync-request': [ '6.1.0' ],
66 silly audit   'sync-rpc': [ '1.3.6' ],
66 silly audit   table: [ '6.8.2' ],
66 silly audit   'table-layout': [ '1.0.2' ],
66 silly audit   'then-request': [ '6.0.2' ],
66 silly audit   through2: [ '4.0.2' ],
66 silly audit   tmp: [ '0.0.33' ],
66 silly audit   'to-regex-range': [ '5.0.1' ],
66 silly audit   toidentifier: [ '1.0.1' ],
66 silly audit   'ts-command-line-args': [ '2.5.1' ],
66 silly audit   'ts-essentials': [ '7.0.3' ],
66 silly audit   'ts-node': [ '10.9.2' ],
66 silly audit   tsort: [ '0.0.1' ],
66 silly audit   tweetnacl: [ '1.0.3' ],
66 silly audit   'tweetnacl-util': [ '0.15.1' ],
66 silly audit   'type-check': [ '0.3.2' ],
66 silly audit   'type-detect': [ '4.1.0' ],
66 silly audit   typechain: [ '8.3.2' ],
66 silly audit   typedarray: [ '0.0.6' ],
66 silly audit   typescript: [ '5.5.4' ],
66 silly audit   'uglify-js': [ '3.19.0' ],
66 silly audit   undici: [ '5.28.4' ],
66 silly audit   'undici-types': [ '5.26.5' ],
66 silly audit   unpipe: [ '1.0.0' ],
66 silly audit   utf8: [ '3.0.0' ],
66 silly audit   'util-deprecate': [ '1.0.2' ],
66 silly audit   uuid: [ '8.3.2' ],
66 silly audit   'v8-compile-cache-lib': [ '3.0.1' ],
66 silly audit   'web3-utils': [ '1.10.4' ],
66 silly audit   which: [ '1.3.1' ],
66 silly audit   'widest-line': [ '3.1.0' ],
66 silly audit   'word-wrap': [ '1.2.5' ],
66 silly audit   wordwrap: [ '1.0.0' ],
66 silly audit   wordwrapjs: [ '4.0.1' ],
66 silly audit   workerpool: [ '6.5.1' ],
66 silly audit   'wrap-ansi': [ '7.0.0' ],
66 silly audit   wrappy: [ '1.0.2' ],
66 silly audit   y18n: [ '5.0.8' ],
66 silly audit   yargs: [ '16.2.0' ],
66 silly audit   'yargs-parser': [ '20.2.9' ],
66 silly audit   'yargs-unparser': [ '2.0.0' ],
66 silly audit   yn: [ '3.1.1' ],
66 silly audit   'yocto-queue': [ '0.1.0' ]
66 silly audit }
67 verbose reify failed optional dependency /home/rektguy/Swiss/node_modules/fsevents
68 silly reify mark deleted [ '/home/rektguy/Swiss/node_modules/fsevents' ]
69 http fetch POST 200 https://registry.npmjs.org/-/npm/v1/security/advisories/bulk 303ms
70 silly audit report {
70 silly audit report   ws: [
70 silly audit report     {
70 silly audit report       id: 1097616,
70 silly audit report       url: 'https://github.com/advisories/GHSA-3h5v-q93c-6h6q',
70 silly audit report       title: 'ws affected by a DoS when handling a request with many HTTP headers',
70 silly audit report       severity: 'high',
70 silly audit report       vulnerable_versions: '>=7.0.0 <7.5.10',
70 silly audit report       cwe: [Array],
70 silly audit report       cvss: [Object]
70 silly audit report     }
70 silly audit report   ]
70 silly audit report }
71 silly packumentCache corgi:https://registry.npmjs.org/ws cache-hit
72 silly packumentCache corgi:https://registry.npmjs.org/@ethersproject%2fproviders cache-hit
73 silly packumentCache corgi:https://registry.npmjs.org/ethers cache-hit
74 silly packumentCache corgi:https://registry.npmjs.org/eth-gas-reporter cache-hit
75 silly packumentCache corgi:https://registry.npmjs.org/hardhat-gas-reporter cache-hit
76 silly ADD
77 verbose cwd /home/rektguy/Swiss
78 verbose os Linux 5.10.16.3-microsoft-standard-WSL2
79 verbose node v20.16.0
80 verbose npm  v10.8.1
81 verbose exit 1
82 verbose code 1
